<?xml version="1.0" encoding="UTF-8"?>
<!-- Generated by org.testng.reporters.JUnitXMLReporter -->
<testsuite hostname="X1Carbon" ignored="0" name="Command line test" tests="7" failures="0" timestamp="26 Oct 2018 05:13:36 GMT" time="4.89" errors="0">
  <testcase name="addAttendee" time="0.365" classname="springrest.api.controller.EventControllerTest"/>
  <testcase name="addEvents" time="0.029" classname="springrest.api.controller.EventControllerTest"/>
  <testcase name="getAllAttendees" time="0.105" classname="springrest.api.controller.EventControllerTest"/>
  <testcase name="getEvent" time="0.024" classname="springrest.api.controller.EventControllerTest"/>
  <testcase name="getEvents" time="0.208" classname="springrest.api.controller.EventControllerTest"/>
  <testcase name="getEvents2" time="0.031" classname="springrest.api.controller.EventControllerTest"/>
  <testcase name="setStatus" time="0.018" classname="springrest.api.controller.EventControllerTest"/>
</testsuite> <!-- Command line test -->
