<?xml version="1.0" encoding="UTF-8"?>
<!-- Generated by org.testng.reporters.JUnitXMLReporter -->
<testsuite hostname="X1Carbon" ignored="0" name="Command line test" tests="18" failures="0" timestamp="06 Nov 2018 04:16:22 GMT" time="4.877" errors="0">
  <testcase name="addAttendee" time="0.349" classname="springrest.api.controller.EventControllerTest"/>
  <testcase name="addEvents" time="0.032" classname="springrest.api.controller.EventControllerTest"/>
  <testcase name="getAllAttendees" time="0.1" classname="springrest.api.controller.EventControllerTest"/>
  <testcase name="getEvent" time="0.019" classname="springrest.api.controller.EventControllerTest"/>
  <testcase name="getEvents" time="0.175" classname="springrest.api.controller.EventControllerTest"/>
  <testcase name="getEvents2" time="0.024" classname="springrest.api.controller.EventControllerTest"/>
  <testcase name="setStatus" time="0.02" classname="springrest.api.controller.EventControllerTest"/>
  <testcase name="addProgram" time="0.012" classname="springrest.api.controller.ProgramControllerTest"/>
  <testcase name="deleteProgram" time="0.008" classname="springrest.api.controller.ProgramControllerTest"/>
  <testcase name="editProgram" time="0.009" classname="springrest.api.controller.ProgramControllerTest"/>
  <testcase name="getProgram" time="0.005" classname="springrest.api.controller.ProgramControllerTest"/>
  <testcase name="getPrograms" time="0.007" classname="springrest.api.controller.ProgramControllerTest"/>
  <testcase name="getPrograms2" time="0.005" classname="springrest.api.controller.ProgramControllerTest"/>
  <testcase name="addUserFail" time="0.021" classname="springrest.api.controller.UserControllerTest"/>
  <testcase name="addUserPass" time="0.014" classname="springrest.api.controller.UserControllerTest"/>
  <testcase name="getUser" time="0.009" classname="springrest.api.controller.UserControllerTest"/>
  <testcase name="getUsers" time="0.019" classname="springrest.api.controller.UserControllerTest"/>
  <testcase name="getUsers2" time="0.013" classname="springrest.api.controller.UserControllerTest"/>
</testsuite> <!-- Command line test -->
