<?xml version="1.0" encoding="UTF-8"?>
<!-- Generated by org.testng.reporters.JUnitXMLReporter -->
<testsuite hostname="X1Carbon" ignored="0" name="Command line test" tests="5" failures="0" timestamp="26 Oct 2018 05:18:21 GMT" time="4.852" errors="0">
  <testcase name="addUserFail" time="0.165" classname="springrest.api.controller.UserControllerTest"/>
  <testcase name="addUserPass" time="0.087" classname="springrest.api.controller.UserControllerTest"/>
  <testcase name="getUser" time="0.096" classname="springrest.api.controller.UserControllerTest"/>
  <testcase name="getUsers" time="0.181" classname="springrest.api.controller.UserControllerTest"/>
  <testcase name="getUsers2" time="0.034" classname="springrest.api.controller.UserControllerTest"/>
</testsuite> <!-- Command line test -->
